<?xml version="1.0" encoding="UTF-8"?>
<!-- Generated by org.testng.reporters.JUnitXMLReporter -->
<testsuite hostname="DESKTOP-3MLRAML" ignored="0" name="Surefire test" tests="2" failures="0" timestamp="2021-09-13T14:35:20 EDT" time="31.051" errors="0">
  <testcase name="runScenario" time="17.956" classname="io.cucumber.testng.AbstractTestNGCucumberTests"/>
  <testcase name="runScenario" time="12.02" classname="io.cucumber.testng.AbstractTestNGCucumberTests"/>
</testsuite> <!-- Surefire test -->
