<?xml version="1.0" encoding="UTF-8"?>
<!-- Generated by org.testng.reporters.JUnitXMLReporter -->
<testsuite hostname="DESKTOP-3MLRAML" ignored="0" name="Surefire test" tests="2" failures="0" timestamp="2021-09-12T20:11:05 EDT" time="31.743" errors="0">
  <testcase name="runScenario" time="21.395" classname="io.cucumber.testng.AbstractTestNGCucumberTests"/>
  <testcase name="runScenario" time="9.546" classname="io.cucumber.testng.AbstractTestNGCucumberTests"/>
</testsuite> <!-- Surefire test -->
